2025-10-18 12:00:26.156 [http-nio-8082-exec-2] INFO  com.irctc_backend.irctc.aspect.ExecutionTimeAspect - 🌐 API Request: POST /login - login in class: AuthenticationController
2025-10-18 12:00:26.159 [http-nio-8082-exec-2] INFO  com.irctc_backend.irctc.aspect.ExecutionTimeAspect - 🚀 Starting execution of: User Authentication in class: AuthenticationService
2025-10-18 12:00:26.412 [http-nio-8082-exec-2] INFO  com.irctc_backend.irctc.aspect.ExecutionTimeAspect - ✅ Completed: User Authentication in class: AuthenticationService - Execution time: 253ms
2025-10-18 12:00:26.412 [http-nio-8082-exec-2] INFO  com.irctc_backend.irctc.aspect.ExecutionTimeAspect - ✅ API Response: POST /login - login in class: AuthenticationController - Execution time: 257ms
2025-10-18 12:00:30.514 [http-nio-8082-exec-4] INFO  com.irctc_backend.irctc.aspect.ExecutionTimeAspect - 🌐 API Request: GET /me - getCurrentUser in class: AuthenticationController
2025-10-18 12:00:30.516 [http-nio-8082-exec-4] INFO  com.irctc_backend.irctc.aspect.ExecutionTimeAspect - ✅ API Response: GET /me - getCurrentUser in class: AuthenticationController - Execution time: 2ms
2025-10-18 12:00:36.278 [http-nio-8082-exec-6] INFO  com.irctc_backend.irctc.aspect.ExecutionTimeAspect - 🌐 API Request: GET  - getAllTrains in class: TrainController
2025-10-18 12:00:36.293 [http-nio-8082-exec-6] INFO  com.irctc_backend.irctc.aspect.ExecutionTimeAspect - ✅ API Response: GET  - getAllTrains in class: TrainController - Execution time: 15ms
2025-10-18 12:01:44.592 [http-nio-8082-exec-10] INFO  com.irctc_backend.irctc.aspect.ExecutionTimeAspect - 🌐 API Request: POST /login - login in class: AuthenticationController
2025-10-18 12:01:44.592 [http-nio-8082-exec-10] INFO  com.irctc_backend.irctc.aspect.ExecutionTimeAspect - 🚀 Starting execution of: User Authentication in class: AuthenticationService
2025-10-18 12:01:44.687 [http-nio-8082-exec-10] INFO  com.irctc_backend.irctc.aspect.ExecutionTimeAspect - ✅ Completed: User Authentication in class: AuthenticationService - Execution time: 95ms
2025-10-18 12:01:44.687 [http-nio-8082-exec-10] INFO  com.irctc_backend.irctc.aspect.ExecutionTimeAspect - ✅ API Response: POST /login - login in class: AuthenticationController - Execution time: 95ms
2025-10-18 12:03:54.032 [http-nio-8082-exec-1] INFO  com.irctc_backend.irctc.aspect.ExecutionTimeAspect - 🌐 API Request: GET  - getAllTrains in class: TrainController
2025-10-18 12:03:54.039 [http-nio-8082-exec-1] INFO  com.irctc_backend.irctc.aspect.ExecutionTimeAspect - ✅ API Response: GET  - getAllTrains in class: TrainController - Execution time: 7ms
2025-10-18 12:04:00.968 [http-nio-8082-exec-9] INFO  com.irctc_backend.irctc.aspect.ExecutionTimeAspect - 🌐 API Request: GET  - getAllUsers in class: UserController
2025-10-18 12:04:00.973 [http-nio-8082-exec-9] INFO  com.irctc_backend.irctc.aspect.ExecutionTimeAspect - ✅ API Response: GET  - getAllUsers in class: UserController - Execution time: 5ms
2025-10-18 12:04:06.889 [http-nio-8082-exec-4] INFO  com.irctc_backend.irctc.aspect.ExecutionTimeAspect - 🌐 API Request: GET /config - getPaymentConfig in class: PaymentController
2025-10-18 12:04:06.890 [http-nio-8082-exec-4] INFO  com.irctc_backend.irctc.aspect.ExecutionTimeAspect - ✅ API Response: GET /config - getPaymentConfig in class: PaymentController - Execution time: 1ms
2025-10-18 12:04:16.932 [http-nio-8082-exec-8] INFO  com.irctc_backend.irctc.aspect.ExecutionTimeAspect - 🌐 API Request: GET  - getAllBookings in class: BookingController
2025-10-18 12:04:16.935 [http-nio-8082-exec-8] INFO  com.irctc_backend.irctc.aspect.ExecutionTimeAspect - ✅ API Response: GET  - getAllBookings in class: BookingController - Execution time: 3ms
2025-10-18 12:06:01.738 [http-nio-8082-exec-8] INFO  com.irctc_backend.irctc.aspect.ExecutionTimeAspect - 🌐 API Request: POST /login - login in class: AuthenticationController
2025-10-18 12:06:01.738 [http-nio-8082-exec-8] INFO  com.irctc_backend.irctc.aspect.ExecutionTimeAspect - 🚀 Starting execution of: User Authentication in class: AuthenticationService
2025-10-18 12:06:01.846 [http-nio-8082-exec-8] INFO  com.irctc_backend.irctc.aspect.ExecutionTimeAspect - ✅ Completed: User Authentication in class: AuthenticationService - Execution time: 108ms
2025-10-18 12:06:01.846 [http-nio-8082-exec-8] INFO  com.irctc_backend.irctc.aspect.ExecutionTimeAspect - ✅ API Response: POST /login - login in class: AuthenticationController - Execution time: 108ms
2025-10-18 12:07:36.905 [http-nio-8082-exec-9] INFO  com.irctc_backend.irctc.aspect.ExecutionTimeAspect - 🌐 API Request: GET  - getAllBookings in class: BookingController
2025-10-18 12:07:36.906 [http-nio-8082-exec-9] INFO  com.irctc_backend.irctc.aspect.ExecutionTimeAspect - ✅ API Response: GET  - getAllBookings in class: BookingController - Execution time: 1ms
2025-10-18 12:07:52.349 [http-nio-8082-exec-2] INFO  com.irctc_backend.irctc.aspect.ExecutionTimeAspect - 🌐 API Request: GET /me - getCurrentUser in class: AuthenticationController
2025-10-18 12:07:52.351 [http-nio-8082-exec-2] INFO  com.irctc_backend.irctc.aspect.ExecutionTimeAspect - ✅ API Response: GET /me - getCurrentUser in class: AuthenticationController - Execution time: 2ms
2025-10-18 12:08:07.287 [http-nio-8082-exec-6] INFO  com.irctc_backend.irctc.aspect.ExecutionTimeAspect - 🌐 API Request: POST /validate - validateToken in class: AuthenticationController
2025-10-18 12:08:07.289 [http-nio-8082-exec-6] INFO  com.irctc_backend.irctc.aspect.ExecutionTimeAspect - ✅ API Response: POST /validate - validateToken in class: AuthenticationController - Execution time: 2ms
2025-10-18 12:08:28.967 [http-nio-8082-exec-7] INFO  com.irctc_backend.irctc.aspect.ExecutionTimeAspect - 🌐 API Request: GET  - getAllPassengers in class: PassengerController
2025-10-18 12:08:28.973 [http-nio-8082-exec-7] INFO  com.irctc_backend.irctc.aspect.ExecutionTimeAspect - ✅ API Response: GET  - getAllPassengers in class: PassengerController - Execution time: 6ms
