2025-10-18 11:43:18.605 [main] INFO  org.springframework.security.config.annotation.authentication.configuration.InitializeUserDetailsBeanManagerConfigurer$InitializeUserDetailsManagerConfigurer - Global AuthenticationManager configured with UserDetailsService bean with name inMemoryUserDetailsManager
2025-10-18 11:59:57.511 [main] INFO  org.springframework.security.config.annotation.authentication.configuration.InitializeUserDetailsBeanManagerConfigurer$InitializeUserDetailsManagerConfigurer - Global AuthenticationManager configured with UserDetailsService bean with name authenticationService
2025-10-18 11:59:57.578 [main] DEBUG org.springframework.security.web.DefaultSecurityFilterChain - Will secure any request with filters: DisableEncodeUrlFilter, WebAsyncManagerIntegrationFilter, SecurityContextHolderFilter, HeaderWriterFilter, LogoutFilter, JwtAuthenticationFilter, RequestCacheAwareFilter, SecurityContextHolderAwareRequestFilter, AnonymousAuthenticationFilter, SessionManagementFilter, ExceptionTranslationFilter, AuthorizationFilter
2025-10-18 12:00:22.946 [http-nio-8082-exec-1] DEBUG org.springframework.security.web.FilterChainProxy - Securing GET /actuator/health
2025-10-18 12:00:22.958 [http-nio-8082-exec-1] DEBUG org.springframework.security.web.authentication.AnonymousAuthenticationFilter - Set SecurityContextHolder to anonymous SecurityContext
2025-10-18 12:00:22.986 [http-nio-8082-exec-1] DEBUG org.springframework.security.web.FilterChainProxy - Secured GET /actuator/health
2025-10-18 12:00:26.117 [http-nio-8082-exec-2] DEBUG org.springframework.security.web.FilterChainProxy - Securing POST /api/auth/login
2025-10-18 12:00:26.119 [http-nio-8082-exec-2] DEBUG org.springframework.security.web.authentication.AnonymousAuthenticationFilter - Set SecurityContextHolder to anonymous SecurityContext
2025-10-18 12:00:26.120 [http-nio-8082-exec-2] DEBUG org.springframework.security.web.FilterChainProxy - Secured POST /api/auth/login
2025-10-18 12:00:26.369 [http-nio-8082-exec-2] DEBUG org.springframework.security.authentication.dao.DaoAuthenticationProvider - Authenticated user
2025-10-18 12:00:30.447 [http-nio-8082-exec-4] DEBUG org.springframework.security.web.FilterChainProxy - Securing GET /api/auth/me
2025-10-18 12:00:30.509 [http-nio-8082-exec-4] DEBUG org.springframework.security.web.FilterChainProxy - Secured GET /api/auth/me
2025-10-18 12:00:36.266 [http-nio-8082-exec-6] DEBUG org.springframework.security.web.FilterChainProxy - Securing GET /api/trains
2025-10-18 12:00:36.273 [http-nio-8082-exec-6] DEBUG org.springframework.security.web.FilterChainProxy - Secured GET /api/trains
2025-10-18 12:01:05.053 [main] INFO  org.springframework.security.config.annotation.authentication.configuration.InitializeUserDetailsBeanManagerConfigurer$InitializeUserDetailsManagerConfigurer - Global AuthenticationManager configured with UserDetailsService bean with name authenticationService
2025-10-18 12:01:15.969 [main] INFO  org.springframework.security.config.annotation.authentication.configuration.InitializeUserDetailsBeanManagerConfigurer$InitializeUserDetailsManagerConfigurer - Global AuthenticationManager configured with UserDetailsService bean with name authenticationService
2025-10-18 12:01:34.879 [http-nio-8082-exec-8] DEBUG org.springframework.security.web.FilterChainProxy - Securing GET /swagger-ui/index.html
2025-10-18 12:01:34.880 [http-nio-8082-exec-8] DEBUG org.springframework.security.web.authentication.AnonymousAuthenticationFilter - Set SecurityContextHolder to anonymous SecurityContext
2025-10-18 12:01:34.881 [http-nio-8082-exec-8] DEBUG org.springframework.security.web.FilterChainProxy - Secured GET /swagger-ui/index.html
2025-10-18 12:01:35.063 [http-nio-8082-exec-9] DEBUG org.springframework.security.web.FilterChainProxy - Securing GET /swagger-ui/swagger-ui.css
2025-10-18 12:01:35.066 [http-nio-8082-exec-9] DEBUG org.springframework.security.web.authentication.AnonymousAuthenticationFilter - Set SecurityContextHolder to anonymous SecurityContext
2025-10-18 12:01:35.074 [http-nio-8082-exec-9] DEBUG org.springframework.security.web.FilterChainProxy - Secured GET /swagger-ui/swagger-ui.css
2025-10-18 12:01:35.079 [http-nio-8082-exec-10] DEBUG org.springframework.security.web.FilterChainProxy - Securing GET /swagger-ui/index.css
2025-10-18 12:01:35.080 [http-nio-8082-exec-3] DEBUG org.springframework.security.web.FilterChainProxy - Securing GET /swagger-ui/swagger-initializer.js
2025-10-18 12:01:35.080 [http-nio-8082-exec-10] DEBUG org.springframework.security.web.authentication.AnonymousAuthenticationFilter - Set SecurityContextHolder to anonymous SecurityContext
2025-10-18 12:01:35.080 [http-nio-8082-exec-1] DEBUG org.springframework.security.web.FilterChainProxy - Securing GET /swagger-ui/swagger-ui-bundle.js
2025-10-18 12:01:35.080 [http-nio-8082-exec-1] DEBUG org.springframework.security.web.authentication.AnonymousAuthenticationFilter - Set SecurityContextHolder to anonymous SecurityContext
2025-10-18 12:01:35.080 [http-nio-8082-exec-3] DEBUG org.springframework.security.web.authentication.AnonymousAuthenticationFilter - Set SecurityContextHolder to anonymous SecurityContext
2025-10-18 12:01:35.081 [http-nio-8082-exec-3] DEBUG org.springframework.security.web.FilterChainProxy - Secured GET /swagger-ui/swagger-initializer.js
2025-10-18 12:01:35.082 [http-nio-8082-exec-10] DEBUG org.springframework.security.web.FilterChainProxy - Secured GET /swagger-ui/index.css
2025-10-18 12:01:35.082 [http-nio-8082-exec-1] DEBUG org.springframework.security.web.FilterChainProxy - Secured GET /swagger-ui/swagger-ui-bundle.js
2025-10-18 12:01:35.082 [http-nio-8082-exec-2] DEBUG org.springframework.security.web.FilterChainProxy - Securing GET /swagger-ui/swagger-ui-standalone-preset.js
2025-10-18 12:01:35.082 [http-nio-8082-exec-2] DEBUG org.springframework.security.web.authentication.AnonymousAuthenticationFilter - Set SecurityContextHolder to anonymous SecurityContext
2025-10-18 12:01:35.082 [http-nio-8082-exec-2] DEBUG org.springframework.security.web.FilterChainProxy - Secured GET /swagger-ui/swagger-ui-standalone-preset.js
2025-10-18 12:01:35.119 [http-nio-8082-exec-4] DEBUG org.springframework.security.web.FilterChainProxy - Securing GET /swagger-ui/swagger-ui-standalone-preset.js
2025-10-18 12:01:35.122 [http-nio-8082-exec-4] DEBUG org.springframework.security.web.authentication.AnonymousAuthenticationFilter - Set SecurityContextHolder to anonymous SecurityContext
2025-10-18 12:01:35.126 [http-nio-8082-exec-4] DEBUG org.springframework.security.web.FilterChainProxy - Secured GET /swagger-ui/swagger-ui-standalone-preset.js
2025-10-18 12:01:35.129 [http-nio-8082-exec-5] DEBUG org.springframework.security.web.FilterChainProxy - Securing GET /swagger-ui/swagger-initializer.js
2025-10-18 12:01:35.129 [http-nio-8082-exec-5] DEBUG org.springframework.security.web.authentication.AnonymousAuthenticationFilter - Set SecurityContextHolder to anonymous SecurityContext
2025-10-18 12:01:35.130 [http-nio-8082-exec-5] DEBUG org.springframework.security.web.FilterChainProxy - Secured GET /swagger-ui/swagger-initializer.js
2025-10-18 12:01:35.134 [http-nio-8082-exec-6] DEBUG org.springframework.security.web.FilterChainProxy - Securing GET /swagger-ui/swagger-ui-bundle.js
2025-10-18 12:01:35.134 [http-nio-8082-exec-6] DEBUG org.springframework.security.web.authentication.AnonymousAuthenticationFilter - Set SecurityContextHolder to anonymous SecurityContext
2025-10-18 12:01:35.134 [http-nio-8082-exec-6] DEBUG org.springframework.security.web.FilterChainProxy - Secured GET /swagger-ui/swagger-ui-bundle.js
2025-10-18 12:01:36.032 [http-nio-8082-exec-4] DEBUG org.springframework.security.web.FilterChainProxy - Securing GET /api-docs/swagger-config
2025-10-18 12:01:36.032 [http-nio-8082-exec-4] DEBUG org.springframework.security.web.authentication.AnonymousAuthenticationFilter - Set SecurityContextHolder to anonymous SecurityContext
2025-10-18 12:01:36.033 [http-nio-8082-exec-5] DEBUG org.springframework.security.web.FilterChainProxy - Securing GET /swagger-ui/favicon-32x32.png
2025-10-18 12:01:36.033 [http-nio-8082-exec-5] DEBUG org.springframework.security.web.authentication.AnonymousAuthenticationFilter - Set SecurityContextHolder to anonymous SecurityContext
2025-10-18 12:01:36.034 [http-nio-8082-exec-5] DEBUG org.springframework.security.web.FilterChainProxy - Secured GET /swagger-ui/favicon-32x32.png
2025-10-18 12:01:36.034 [http-nio-8082-exec-4] DEBUG org.springframework.security.web.FilterChainProxy - Secured GET /api-docs/swagger-config
2025-10-18 12:01:36.166 [http-nio-8082-exec-6] DEBUG org.springframework.security.web.FilterChainProxy - Securing GET /api-docs/🎫 Booking Management
2025-10-18 12:01:36.167 [http-nio-8082-exec-6] DEBUG org.springframework.security.web.authentication.AnonymousAuthenticationFilter - Set SecurityContextHolder to anonymous SecurityContext
2025-10-18 12:01:36.168 [http-nio-8082-exec-6] DEBUG org.springframework.security.web.FilterChainProxy - Secured GET /api-docs/🎫 Booking Management
2025-10-18 12:01:38.694 [http-nio-8082-exec-2] DEBUG org.springframework.security.web.FilterChainProxy - Securing GET /actuator/health
2025-10-18 12:01:38.695 [http-nio-8082-exec-2] DEBUG org.springframework.security.web.authentication.AnonymousAuthenticationFilter - Set SecurityContextHolder to anonymous SecurityContext
2025-10-18 12:01:38.700 [http-nio-8082-exec-2] DEBUG org.springframework.security.web.FilterChainProxy - Secured GET /actuator/health
2025-10-18 12:01:44.587 [http-nio-8082-exec-10] DEBUG org.springframework.security.web.FilterChainProxy - Securing POST /api/auth/login
2025-10-18 12:01:44.588 [http-nio-8082-exec-10] DEBUG org.springframework.security.web.authentication.AnonymousAuthenticationFilter - Set SecurityContextHolder to anonymous SecurityContext
2025-10-18 12:01:44.588 [http-nio-8082-exec-10] DEBUG org.springframework.security.web.FilterChainProxy - Secured POST /api/auth/login
2025-10-18 12:01:44.686 [http-nio-8082-exec-10] DEBUG org.springframework.security.authentication.dao.DaoAuthenticationProvider - Authenticated user
2025-10-18 12:03:54.009 [http-nio-8082-exec-1] DEBUG org.springframework.security.web.FilterChainProxy - Securing GET /api/trains
2025-10-18 12:03:54.026 [http-nio-8082-exec-1] DEBUG org.springframework.security.web.FilterChainProxy - Secured GET /api/trains
2025-10-18 12:04:00.889 [http-nio-8082-exec-9] DEBUG org.springframework.security.web.FilterChainProxy - Securing GET /api/users
2025-10-18 12:04:00.892 [http-nio-8082-exec-9] DEBUG org.springframework.security.web.FilterChainProxy - Secured GET /api/users
2025-10-18 12:04:06.883 [http-nio-8082-exec-4] DEBUG org.springframework.security.web.FilterChainProxy - Securing GET /api/payments/config
2025-10-18 12:04:06.886 [http-nio-8082-exec-4] DEBUG org.springframework.security.web.FilterChainProxy - Secured GET /api/payments/config
2025-10-18 12:04:11.371 [http-nio-8082-exec-2] DEBUG org.springframework.security.web.FilterChainProxy - Securing GET /api/trains
2025-10-18 12:04:11.371 [http-nio-8082-exec-2] DEBUG org.springframework.security.web.authentication.AnonymousAuthenticationFilter - Set SecurityContextHolder to anonymous SecurityContext
2025-10-18 12:04:11.385 [http-nio-8082-exec-2] DEBUG org.springframework.security.web.authentication.Http403ForbiddenEntryPoint - Pre-authenticated entry point called. Rejecting access
2025-10-18 12:04:11.393 [http-nio-8082-exec-2] DEBUG org.springframework.security.web.FilterChainProxy - Securing GET /error
2025-10-18 12:04:11.393 [http-nio-8082-exec-2] DEBUG org.springframework.security.web.FilterChainProxy - Secured GET /error
2025-10-18 12:04:11.397 [http-nio-8082-exec-2] DEBUG org.springframework.security.web.authentication.AnonymousAuthenticationFilter - Set SecurityContextHolder to anonymous SecurityContext
2025-10-18 12:04:16.919 [http-nio-8082-exec-8] DEBUG org.springframework.security.web.FilterChainProxy - Securing GET /api/bookings
2025-10-18 12:04:16.930 [http-nio-8082-exec-8] DEBUG org.springframework.security.web.FilterChainProxy - Secured GET /api/bookings
2025-10-18 12:04:35.718 [http-nio-8082-exec-3] DEBUG org.springframework.security.web.FilterChainProxy - Securing GET /swagger-ui.html
2025-10-18 12:04:35.719 [http-nio-8082-exec-3] DEBUG org.springframework.security.web.authentication.AnonymousAuthenticationFilter - Set SecurityContextHolder to anonymous SecurityContext
2025-10-18 12:04:35.720 [http-nio-8082-exec-3] DEBUG org.springframework.security.web.FilterChainProxy - Secured GET /swagger-ui.html
2025-10-18 12:04:48.703 [http-nio-8082-exec-9] DEBUG org.springframework.security.web.FilterChainProxy - Securing HEAD /swagger-ui.html
2025-10-18 12:04:48.704 [http-nio-8082-exec-9] DEBUG org.springframework.security.web.authentication.AnonymousAuthenticationFilter - Set SecurityContextHolder to anonymous SecurityContext
2025-10-18 12:04:48.705 [http-nio-8082-exec-9] DEBUG org.springframework.security.web.FilterChainProxy - Secured HEAD /swagger-ui.html
2025-10-18 12:04:52.475 [http-nio-8082-exec-4] DEBUG org.springframework.security.web.FilterChainProxy - Securing HEAD /swagger-ui/index.html
2025-10-18 12:04:52.476 [http-nio-8082-exec-4] DEBUG org.springframework.security.web.authentication.AnonymousAuthenticationFilter - Set SecurityContextHolder to anonymous SecurityContext
2025-10-18 12:04:52.477 [http-nio-8082-exec-4] DEBUG org.springframework.security.web.FilterChainProxy - Secured HEAD /swagger-ui/index.html
2025-10-18 12:04:53.120 [http-nio-8082-exec-2] DEBUG org.springframework.security.web.FilterChainProxy - Securing GET /swagger-ui/index.html
2025-10-18 12:04:53.121 [http-nio-8082-exec-2] DEBUG org.springframework.security.web.authentication.AnonymousAuthenticationFilter - Set SecurityContextHolder to anonymous SecurityContext
2025-10-18 12:04:53.123 [http-nio-8082-exec-2] DEBUG org.springframework.security.web.FilterChainProxy - Secured GET /swagger-ui/index.html
2025-10-18 12:04:53.284 [http-nio-8082-exec-7] DEBUG org.springframework.security.web.FilterChainProxy - Securing GET /swagger-ui/swagger-ui.css
2025-10-18 12:04:53.285 [http-nio-8082-exec-7] DEBUG org.springframework.security.web.authentication.AnonymousAuthenticationFilter - Set SecurityContextHolder to anonymous SecurityContext
2025-10-18 12:04:53.286 [http-nio-8082-exec-7] DEBUG org.springframework.security.web.FilterChainProxy - Secured GET /swagger-ui/swagger-ui.css
2025-10-18 12:04:53.318 [http-nio-8082-exec-10] DEBUG org.springframework.security.web.FilterChainProxy - Securing GET /swagger-ui/index.css
2025-10-18 12:04:53.318 [http-nio-8082-exec-8] DEBUG org.springframework.security.web.FilterChainProxy - Securing GET /swagger-ui/swagger-ui-bundle.js
2025-10-18 12:04:53.318 [http-nio-8082-exec-1] DEBUG org.springframework.security.web.FilterChainProxy - Securing GET /swagger-ui/swagger-initializer.js
2025-10-18 12:04:53.318 [http-nio-8082-exec-8] DEBUG org.springframework.security.web.authentication.AnonymousAuthenticationFilter - Set SecurityContextHolder to anonymous SecurityContext
2025-10-18 12:04:53.319 [http-nio-8082-exec-3] DEBUG org.springframework.security.web.FilterChainProxy - Securing GET /swagger-ui/swagger-ui-standalone-preset.js
2025-10-18 12:04:53.319 [http-nio-8082-exec-10] DEBUG org.springframework.security.web.authentication.AnonymousAuthenticationFilter - Set SecurityContextHolder to anonymous SecurityContext
2025-10-18 12:04:53.319 [http-nio-8082-exec-1] DEBUG org.springframework.security.web.authentication.AnonymousAuthenticationFilter - Set SecurityContextHolder to anonymous SecurityContext
2025-10-18 12:04:53.319 [http-nio-8082-exec-8] DEBUG org.springframework.security.web.FilterChainProxy - Secured GET /swagger-ui/swagger-ui-bundle.js
2025-10-18 12:04:53.319 [http-nio-8082-exec-3] DEBUG org.springframework.security.web.authentication.AnonymousAuthenticationFilter - Set SecurityContextHolder to anonymous SecurityContext
2025-10-18 12:04:53.319 [http-nio-8082-exec-3] DEBUG org.springframework.security.web.FilterChainProxy - Secured GET /swagger-ui/swagger-ui-standalone-preset.js
2025-10-18 12:04:53.320 [http-nio-8082-exec-10] DEBUG org.springframework.security.web.FilterChainProxy - Secured GET /swagger-ui/index.css
2025-10-18 12:04:53.321 [http-nio-8082-exec-1] DEBUG org.springframework.security.web.FilterChainProxy - Secured GET /swagger-ui/swagger-initializer.js
2025-10-18 12:04:53.341 [http-nio-8082-exec-9] DEBUG org.springframework.security.web.FilterChainProxy - Securing GET /swagger-ui/swagger-initializer.js
2025-10-18 12:04:53.342 [http-nio-8082-exec-9] DEBUG org.springframework.security.web.authentication.AnonymousAuthenticationFilter - Set SecurityContextHolder to anonymous SecurityContext
2025-10-18 12:04:53.343 [http-nio-8082-exec-9] DEBUG org.springframework.security.web.FilterChainProxy - Secured GET /swagger-ui/swagger-initializer.js
2025-10-18 12:04:53.346 [http-nio-8082-exec-5] DEBUG org.springframework.security.web.FilterChainProxy - Securing GET /swagger-ui/swagger-ui-standalone-preset.js
2025-10-18 12:04:53.347 [http-nio-8082-exec-5] DEBUG org.springframework.security.web.authentication.AnonymousAuthenticationFilter - Set SecurityContextHolder to anonymous SecurityContext
2025-10-18 12:04:53.347 [http-nio-8082-exec-5] DEBUG org.springframework.security.web.FilterChainProxy - Secured GET /swagger-ui/swagger-ui-standalone-preset.js
2025-10-18 12:04:53.368 [http-nio-8082-exec-4] DEBUG org.springframework.security.web.FilterChainProxy - Securing GET /swagger-ui/swagger-ui-bundle.js
2025-10-18 12:04:53.368 [http-nio-8082-exec-4] DEBUG org.springframework.security.web.authentication.AnonymousAuthenticationFilter - Set SecurityContextHolder to anonymous SecurityContext
2025-10-18 12:04:53.369 [http-nio-8082-exec-4] DEBUG org.springframework.security.web.FilterChainProxy - Secured GET /swagger-ui/swagger-ui-bundle.js
2025-10-18 12:04:53.901 [http-nio-8082-exec-6] DEBUG org.springframework.security.web.FilterChainProxy - Securing GET /api-docs/swagger-config
2025-10-18 12:04:53.902 [http-nio-8082-exec-6] DEBUG org.springframework.security.web.authentication.AnonymousAuthenticationFilter - Set SecurityContextHolder to anonymous SecurityContext
2025-10-18 12:04:53.903 [http-nio-8082-exec-6] DEBUG org.springframework.security.web.FilterChainProxy - Secured GET /api-docs/swagger-config
2025-10-18 12:04:53.908 [http-nio-8082-exec-2] DEBUG org.springframework.security.web.FilterChainProxy - Securing GET /swagger-ui/favicon-32x32.png
2025-10-18 12:04:53.909 [http-nio-8082-exec-2] DEBUG org.springframework.security.web.authentication.AnonymousAuthenticationFilter - Set SecurityContextHolder to anonymous SecurityContext
2025-10-18 12:04:53.913 [http-nio-8082-exec-2] DEBUG org.springframework.security.web.FilterChainProxy - Secured GET /swagger-ui/favicon-32x32.png
2025-10-18 12:04:53.979 [http-nio-8082-exec-7] DEBUG org.springframework.security.web.FilterChainProxy - Securing GET /api-docs/🎫 Booking Management
2025-10-18 12:04:53.979 [http-nio-8082-exec-7] DEBUG org.springframework.security.web.authentication.AnonymousAuthenticationFilter - Set SecurityContextHolder to anonymous SecurityContext
2025-10-18 12:04:53.980 [http-nio-8082-exec-7] DEBUG org.springframework.security.web.FilterChainProxy - Secured GET /api-docs/🎫 Booking Management
2025-10-18 12:05:02.616 [http-nio-8082-exec-2] DEBUG org.springframework.security.web.FilterChainProxy - Securing GET /swagger-ui/index.html
2025-10-18 12:05:02.617 [http-nio-8082-exec-2] DEBUG org.springframework.security.web.authentication.AnonymousAuthenticationFilter - Set SecurityContextHolder to anonymous SecurityContext
2025-10-18 12:05:02.618 [http-nio-8082-exec-2] DEBUG org.springframework.security.web.FilterChainProxy - Secured GET /swagger-ui/index.html
2025-10-18 12:05:16.675 [http-nio-8082-exec-6] DEBUG org.springframework.security.web.FilterChainProxy - Securing GET /swagger-ui/index.html
2025-10-18 12:05:16.677 [http-nio-8082-exec-6] DEBUG org.springframework.security.web.authentication.AnonymousAuthenticationFilter - Set SecurityContextHolder to anonymous SecurityContext
2025-10-18 12:05:16.678 [http-nio-8082-exec-6] DEBUG org.springframework.security.web.FilterChainProxy - Secured GET /swagger-ui/index.html
2025-10-18 12:05:16.711 [http-nio-8082-exec-7] DEBUG org.springframework.security.web.FilterChainProxy - Securing GET /swagger-ui/swagger-ui.css
2025-10-18 12:05:16.712 [http-nio-8082-exec-7] DEBUG org.springframework.security.web.authentication.AnonymousAuthenticationFilter - Set SecurityContextHolder to anonymous SecurityContext
2025-10-18 12:05:16.713 [http-nio-8082-exec-7] DEBUG org.springframework.security.web.FilterChainProxy - Secured GET /swagger-ui/swagger-ui.css
2025-10-18 12:05:16.715 [http-nio-8082-exec-1] DEBUG org.springframework.security.web.FilterChainProxy - Securing GET /swagger-ui/index.css
2025-10-18 12:05:16.715 [http-nio-8082-exec-1] DEBUG org.springframework.security.web.authentication.AnonymousAuthenticationFilter - Set SecurityContextHolder to anonymous SecurityContext
2025-10-18 12:05:16.715 [http-nio-8082-exec-9] DEBUG org.springframework.security.web.FilterChainProxy - Securing GET /swagger-ui/swagger-ui-bundle.js
2025-10-18 12:05:16.716 [http-nio-8082-exec-9] DEBUG org.springframework.security.web.authentication.AnonymousAuthenticationFilter - Set SecurityContextHolder to anonymous SecurityContext
2025-10-18 12:05:16.716 [http-nio-8082-exec-1] DEBUG org.springframework.security.web.FilterChainProxy - Secured GET /swagger-ui/index.css
2025-10-18 12:05:16.716 [http-nio-8082-exec-9] DEBUG org.springframework.security.web.FilterChainProxy - Secured GET /swagger-ui/swagger-ui-bundle.js
2025-10-18 12:05:16.717 [http-nio-8082-exec-10] DEBUG org.springframework.security.web.FilterChainProxy - Securing GET /swagger-ui/swagger-ui-standalone-preset.js
2025-10-18 12:05:16.717 [http-nio-8082-exec-10] DEBUG org.springframework.security.web.authentication.AnonymousAuthenticationFilter - Set SecurityContextHolder to anonymous SecurityContext
2025-10-18 12:05:16.717 [http-nio-8082-exec-10] DEBUG org.springframework.security.web.FilterChainProxy - Secured GET /swagger-ui/swagger-ui-standalone-preset.js
2025-10-18 12:05:16.720 [http-nio-8082-exec-8] DEBUG org.springframework.security.web.FilterChainProxy - Securing GET /swagger-ui/swagger-initializer.js
2025-10-18 12:05:16.721 [http-nio-8082-exec-8] DEBUG org.springframework.security.web.authentication.AnonymousAuthenticationFilter - Set SecurityContextHolder to anonymous SecurityContext
2025-10-18 12:05:16.721 [http-nio-8082-exec-8] DEBUG org.springframework.security.web.FilterChainProxy - Secured GET /swagger-ui/swagger-initializer.js
2025-10-18 12:05:16.827 [http-nio-8082-exec-5] DEBUG org.springframework.security.web.FilterChainProxy - Securing GET /swagger-ui/swagger-ui-bundle.js
2025-10-18 12:05:16.827 [http-nio-8082-exec-5] DEBUG org.springframework.security.web.authentication.AnonymousAuthenticationFilter - Set SecurityContextHolder to anonymous SecurityContext
2025-10-18 12:05:16.831 [http-nio-8082-exec-5] DEBUG org.springframework.security.web.FilterChainProxy - Secured GET /swagger-ui/swagger-ui-bundle.js
2025-10-18 12:05:16.839 [http-nio-8082-exec-3] DEBUG org.springframework.security.web.FilterChainProxy - Securing GET /swagger-ui/swagger-initializer.js
2025-10-18 12:05:16.839 [http-nio-8082-exec-4] DEBUG org.springframework.security.web.FilterChainProxy - Securing GET /swagger-ui/swagger-ui-standalone-preset.js
2025-10-18 12:05:16.839 [http-nio-8082-exec-4] DEBUG org.springframework.security.web.authentication.AnonymousAuthenticationFilter - Set SecurityContextHolder to anonymous SecurityContext
2025-10-18 12:05:16.839 [http-nio-8082-exec-3] DEBUG org.springframework.security.web.authentication.AnonymousAuthenticationFilter - Set SecurityContextHolder to anonymous SecurityContext
2025-10-18 12:05:16.840 [http-nio-8082-exec-4] DEBUG org.springframework.security.web.FilterChainProxy - Secured GET /swagger-ui/swagger-ui-standalone-preset.js
2025-10-18 12:05:16.840 [http-nio-8082-exec-3] DEBUG org.springframework.security.web.FilterChainProxy - Secured GET /swagger-ui/swagger-initializer.js
2025-10-18 12:05:17.106 [http-nio-8082-exec-6] DEBUG org.springframework.security.web.FilterChainProxy - Securing GET /swagger-ui/favicon-32x32.png
2025-10-18 12:05:17.106 [http-nio-8082-exec-2] DEBUG org.springframework.security.web.FilterChainProxy - Securing GET /api-docs/swagger-config
2025-10-18 12:05:17.107 [http-nio-8082-exec-6] DEBUG org.springframework.security.web.authentication.AnonymousAuthenticationFilter - Set SecurityContextHolder to anonymous SecurityContext
2025-10-18 12:05:17.107 [http-nio-8082-exec-2] DEBUG org.springframework.security.web.authentication.AnonymousAuthenticationFilter - Set SecurityContextHolder to anonymous SecurityContext
2025-10-18 12:05:17.107 [http-nio-8082-exec-2] DEBUG org.springframework.security.web.FilterChainProxy - Secured GET /api-docs/swagger-config
2025-10-18 12:05:17.108 [http-nio-8082-exec-6] DEBUG org.springframework.security.web.FilterChainProxy - Secured GET /swagger-ui/favicon-32x32.png
2025-10-18 12:05:17.130 [http-nio-8082-exec-1] DEBUG org.springframework.security.web.FilterChainProxy - Securing GET /api-docs/🎫 Booking Management
2025-10-18 12:05:17.130 [http-nio-8082-exec-1] DEBUG org.springframework.security.web.authentication.AnonymousAuthenticationFilter - Set SecurityContextHolder to anonymous SecurityContext
2025-10-18 12:05:17.132 [http-nio-8082-exec-1] DEBUG org.springframework.security.web.FilterChainProxy - Secured GET /api-docs/🎫 Booking Management
2025-10-18 12:05:20.608 [http-nio-8082-exec-2] DEBUG org.springframework.security.web.FilterChainProxy - Securing GET /api-docs/👤 Passenger Management
2025-10-18 12:05:20.611 [http-nio-8082-exec-2] DEBUG org.springframework.security.web.authentication.AnonymousAuthenticationFilter - Set SecurityContextHolder to anonymous SecurityContext
2025-10-18 12:05:20.614 [http-nio-8082-exec-2] DEBUG org.springframework.security.web.FilterChainProxy - Secured GET /api-docs/👤 Passenger Management
2025-10-18 12:05:39.551 [http-nio-8082-exec-6] DEBUG org.springframework.security.web.FilterChainProxy - Securing GET /api-docs/🚀 IRCTC Backend API
2025-10-18 12:05:39.552 [http-nio-8082-exec-6] DEBUG org.springframework.security.web.authentication.AnonymousAuthenticationFilter - Set SecurityContextHolder to anonymous SecurityContext
2025-10-18 12:05:39.554 [http-nio-8082-exec-6] DEBUG org.springframework.security.web.FilterChainProxy - Secured GET /api-docs/🚀 IRCTC Backend API
2025-10-18 12:05:51.194 [http-nio-8082-exec-7] DEBUG org.springframework.security.web.FilterChainProxy - Securing GET /api-docs/🚀 IRCTC Backend API
2025-10-18 12:05:51.195 [http-nio-8082-exec-7] DEBUG org.springframework.security.web.authentication.AnonymousAuthenticationFilter - Set SecurityContextHolder to anonymous SecurityContext
2025-10-18 12:05:51.197 [http-nio-8082-exec-7] DEBUG org.springframework.security.web.FilterChainProxy - Secured GET /api-docs/🚀 IRCTC Backend API
2025-10-18 12:06:01.714 [http-nio-8082-exec-8] DEBUG org.springframework.security.web.FilterChainProxy - Securing POST /api/auth/login
2025-10-18 12:06:01.716 [http-nio-8082-exec-8] DEBUG org.springframework.security.web.authentication.AnonymousAuthenticationFilter - Set SecurityContextHolder to anonymous SecurityContext
2025-10-18 12:06:01.716 [http-nio-8082-exec-8] DEBUG org.springframework.security.web.FilterChainProxy - Secured POST /api/auth/login
2025-10-18 12:06:01.844 [http-nio-8082-exec-8] DEBUG org.springframework.security.authentication.dao.DaoAuthenticationProvider - Authenticated user
2025-10-18 12:07:36.875 [http-nio-8082-exec-9] DEBUG org.springframework.security.web.FilterChainProxy - Securing GET /api/bookings
2025-10-18 12:07:36.900 [http-nio-8082-exec-9] DEBUG org.springframework.security.web.FilterChainProxy - Secured GET /api/bookings
2025-10-18 12:07:52.328 [http-nio-8082-exec-2] DEBUG org.springframework.security.web.FilterChainProxy - Securing GET /api/auth/me
2025-10-18 12:07:52.346 [http-nio-8082-exec-2] DEBUG org.springframework.security.web.FilterChainProxy - Secured GET /api/auth/me
2025-10-18 12:08:07.263 [http-nio-8082-exec-6] DEBUG org.springframework.security.web.FilterChainProxy - Securing POST /api/auth/validate?token=eyJhbGciOiJIUzM4NCJ9.eyJyb2xlIjoiQURNSU4iLCJ0eXBlIjoiYWNjZXNzIiwidXNlcklkIjoxLCJzdWIiOiJhZG1pbiIsImlhdCI6MTc2MDc2OTM2MSwiZXhwIjoxNzYwNzcyOTYxfQ.QELFdED-1pcQ0ju74UOx2GV3cHcJ9_wFE91RhZoUea5NhToOz5u5CY5nTe68Rx2A
2025-10-18 12:08:07.278 [http-nio-8082-exec-6] DEBUG org.springframework.security.web.FilterChainProxy - Secured POST /api/auth/validate?token=eyJhbGciOiJIUzM4NCJ9.eyJyb2xlIjoiQURNSU4iLCJ0eXBlIjoiYWNjZXNzIiwidXNlcklkIjoxLCJzdWIiOiJhZG1pbiIsImlhdCI6MTc2MDc2OTM2MSwiZXhwIjoxNzYwNzcyOTYxfQ.QELFdED-1pcQ0ju74UOx2GV3cHcJ9_wFE91RhZoUea5NhToOz5u5CY5nTe68Rx2A
2025-10-18 12:08:28.950 [http-nio-8082-exec-7] DEBUG org.springframework.security.web.FilterChainProxy - Securing GET /api/passengers
2025-10-18 12:08:28.961 [http-nio-8082-exec-7] DEBUG org.springframework.security.web.FilterChainProxy - Secured GET /api/passengers
2025-10-18 12:11:40.119 [main] INFO  org.springframework.security.config.annotation.authentication.configuration.InitializeUserDetailsBeanManagerConfigurer$InitializeUserDetailsManagerConfigurer - Global AuthenticationManager configured with UserDetailsService bean with name authenticationService
2025-10-18 12:11:40.196 [main] DEBUG org.springframework.security.web.DefaultSecurityFilterChain - Will secure any request with filters: DisableEncodeUrlFilter, WebAsyncManagerIntegrationFilter, SecurityContextHolderFilter, HeaderWriterFilter, LogoutFilter, JwtAuthenticationFilter, RequestCacheAwareFilter, SecurityContextHolderAwareRequestFilter, AnonymousAuthenticationFilter, SessionManagementFilter, ExceptionTranslationFilter, AuthorizationFilter
2025-10-18 12:14:37.973 [main] INFO  org.springframework.security.config.annotation.authentication.configuration.InitializeUserDetailsBeanManagerConfigurer$InitializeUserDetailsManagerConfigurer - Global AuthenticationManager configured with UserDetailsService bean with name authenticationService
2025-10-18 12:14:38.044 [main] DEBUG org.springframework.security.web.DefaultSecurityFilterChain - Will secure any request with filters: DisableEncodeUrlFilter, WebAsyncManagerIntegrationFilter, SecurityContextHolderFilter, HeaderWriterFilter, LogoutFilter, JwtAuthenticationFilter, RequestCacheAwareFilter, SecurityContextHolderAwareRequestFilter, AnonymousAuthenticationFilter, SessionManagementFilter, ExceptionTranslationFilter, AuthorizationFilter
